[0m[[0m[0mdebug[0m] [0m[0m> Exec(;reload; set _root_.org.jetbrains.sbt.StructureKeys.sbtStructureOptions in Global := "download resolveClassifiers" ;preferScala2;*/*:dumpStructureTo /private/var/folders/ks/n1pb6mxn5fjd1ssjs7_tb1700000gn/T/sbt-structure.xml; session clear-all ; set ideaPort in Global := 49839, None, None)[0m
[0m[[0m[0mdebug[0m] [0m[0m> Exec(reload, None, None)[0m
[0m[[0m[0mdebug[0m] [0m[0m> Exec(sbtStashOnFailure, None, None)[0m
[0m[[0m[0mdebug[0m] [0m[0m> Exec(onFailure loadFailed, None, None)[0m
[0m[[0m[0mdebug[0m] [0m[0m> Exec(loadp, None, None)[0m
[0m[[0m[0minfo[0m] [0m[0mwelcome to sbt 1.6.2 (Apple Inc. Java 11.0.15)[0m
[0m[[0m[33mwarn[0m] [0m[0msbt version mismatch, using: 1.6.2, in build.properties: "1.7.2", use 'reboot' to use the new value.[0m
[0m[[0m[0mdebug[0m] [0m[0m      Load.loadUnit: plugins took 10.455031ms[0m
[0m[[0m[0mdebug[0m] [0m[0m      Load.loadUnit: defsScala took 0.003785ms[0m
[0m[[0m[0mdebug[0m] [0m[0m[Loading] Scanning directory /Users/ydolenko/.sbt/1.0/plugins[0m
[0m[[0m[0mdebug[0m] [0m[0m[Loading] Found non-root projects [0m
[0m[[0m[0mdebug[0m] [0m[0m[Loading] Done in /Users/ydolenko/.sbt/1.0/plugins, returning: ()[0m
[0m[[0m[0mdebug[0m] [0m[0mdeducing auto plugins based on known facts Set(Atom(sbt.plugins.CorePlugin)) and clauses Clauses(Clause(Atom(sbt.plugins.JvmPlugin),Set(Atom(sbt.plugins.IvyPlugin)))[0m
[0m[[0m[0mdebug[0m] [0m[0mClause(Atom(sbt.ScriptedPlugin),Set(Atom(sbt.plugins.JvmPlugin)))[0m
[0m[[0m[0mdebug[0m] [0m[0mClause(Atom(sbt.plugins.SbtPlugin),Set(Atom(sbt.ScriptedPlugin)))[0m
[0m[[0m[0mdebug[0m] [0m[0mClause(Atom(sbt.plugins.SemanticdbPlugin),Set(Atom(sbt.plugins.JvmPlugin)))[0m
[0m[[0m[0mdebug[0m] [0m[0mClause(Atom(sbt.plugins.JUnitXmlReportPlugin),Set(Atom(sbt.plugins.JvmPlugin)))[0m
[0m[[0m[0mdebug[0m] [0m[0mClause(Atom(sbt.plugins.MiniDependencyTreePlugin),Set(Atom(sbt.plugins.JvmPlugin)))[0m
[0m[[0m[0mdebug[0m] [0m[0mClause(Atom(sbt.plugins.CorePlugin),Set(Atom(sbt.plugins.IvyPlugin)))[0m
[0m[[0m[0mdebug[0m] [0m[0mClause(Atom(sbt.plugins.IvyPlugin),Set(Atom(sbt.plugins.JvmPlugin)))[0m
[0m[[0m[0mdebug[0m] [0m[0mClause(Atom(sbt.plugins.JvmPlugin),Set(Atom(sbt.plugins.SemanticdbPlugin)))[0m
[0m[[0m[0mdebug[0m] [0m[0mClause(Atom(sbt.plugins.JvmPlugin),Set(Atom(sbt.plugins.JUnitXmlReportPlugin)))[0m
[0m[[0m[0mdebug[0m] [0m[0mClause(Atom(sbt.plugins.CorePlugin),Set(Atom(sbt.plugins.Giter8TemplatePlugin)))[0m
[0m[[0m[0mdebug[0m] [0m[0mClause(Atom(sbt.plugins.JvmPlugin),Set(Atom(sbt.plugins.MiniDependencyTreePlugin))))[0m
[0m[[0m[0mdebug[0m] [0m[0m  :: deduced result: Matched(sbt.plugins.CorePlugin,sbt.plugins.Giter8TemplatePlugin,sbt.plugins.IvyPlugin,sbt.plugins.JvmPlugin,sbt.plugins.MiniDependencyTreePlugin,sbt.plugins.JUnitXmlReportPlugin,sbt.plugins.SemanticdbPlugin)[0m
[0m[[0m[0mdebug[0m] [0m[0mPlugins.deducer#function took 0.627778 ms[0m
[0m[[0m[0mdebug[0m] [0m[0m          Load.resolveProject(global-plugins) took 0.596568ms[0m
[0m[[0m[0mdebug[0m] [0m[0m        Load.loadTransitive: finalizeProject(Project(id global-plugins, base: /Users/ydolenko/.sbt/1.0/plugins, plugins: List(<none>))) took 1.461916ms[0m
[0m[[0m[0mdebug[0m] [0m[0m[Loading] Done in /Users/ydolenko/.sbt/1.0/plugins, returning: (global-plugins)[0m
[0m[[0m[0mdebug[0m] [0m[0m      Load.loadUnit: loadedProjectsRaw took 2.56157ms[0m
[0m[[0m[0mdebug[0m] [0m[0m      Load.loadUnit: cleanEvalClasses took 0.00661ms[0m
[0m[[0m[0mdebug[0m] [0m[0m    Load.loadUnit(file:/Users/ydolenko/.sbt/1.0/plugins/, ...) took 13.3434ms[0m
[0m[[0m[0mdebug[0m] [0m[0m  Load.apply: load took 13.874516ms[0m
[0m[[0m[0mdebug[0m] [0m[0m  Load.apply: resolveProjects took 0.080575ms[0m
[0m[[0m[0mdebug[0m] [0m[0m  Load.apply: finalTransforms took 5.288432ms[0m
[0m[[0m[0mdebug[0m] [0m[0m  Load.apply: config.delegates took 0.246175ms[0m
[0m[[0m[0mdebug[0m] [0m[0m  Load.apply: Def.make(settings)... took 28.623287ms[0m
[0m[[0m[0mdebug[0m] [0m[0m  Load.apply: structureIndex took 18.573876ms[0m
[0m[[0m[0mdebug[0m] [0m[0m  Load.apply: mkStreams took 0.002348ms[0m
[0m[[0m[0minfo[0m] [0m[0mloading global plugins from /Users/ydolenko/.sbt/1.0/plugins[0m
[0m[[0m[0mdebug[0m] [0m[0mRunning task... Cancel: Signal, check cycles: false, forcegc: true[0m
[0m[[0m[0mdebug[0m] [0m[0mLoad.defaultLoad until apply took 136.772931ms[0m
[0m[[0m[0mdebug[0m] [0m[0m          Load.loadUnit: plugins took 9.140493ms[0m
[0m[[0m[0mdebug[0m] [0m[0m          Load.loadUnit: defsScala took 0.002408ms[0m
[0m[[0m[0mdebug[0m] [0m[0m[Loading] Scanning directory /Users/ydolenko/Desktop/Projects/VigilTechTest/project[0m
[0m[[0m[0mdebug[0m] [0m[0m            Load.loadUnit: mkEval took 0.12389ms[0m
[0m[[0m[0mdebug[0m] [0m[0m[Loading] Found non-root projects [0m
[0m[[0m[0mdebug[0m] [0m[0m[Loading] Done in /Users/ydolenko/Desktop/Projects/VigilTechTest/project, returning: ()[0m
[0m[[0m[0mdebug[0m] [0m[0mdeducing auto plugins based on known facts Set(Atom(sbt.plugins.CorePlugin)) and clauses Clauses(Clause(Atom(sbt.plugins.JvmPlugin),Set(Atom(sbt.plugins.IvyPlugin)))[0m
[0m[[0m[0mdebug[0m] [0m[0mClause(Atom(sbt.ScriptedPlugin),Set(Atom(sbt.plugins.JvmPlugin)))[0m
[0m[[0m[0mdebug[0m] [0m[0mClause(Atom(sbt.plugins.SbtPlugin),Set(Atom(sbt.ScriptedPlugin)))[0m
[0m[[0m[0mdebug[0m] [0m[0mClause(Atom(sbt.plugins.SemanticdbPlugin),Set(Atom(sbt.plugins.JvmPlugin)))[0m
[0m[[0m[0mdebug[0m] [0m[0mClause(Atom(sbt.plugins.JUnitXmlReportPlugin),Set(Atom(sbt.plugins.JvmPlugin)))[0m
[0m[[0m[0mdebug[0m] [0m[0mClause(Atom(sbt.plugins.MiniDependencyTreePlugin),Set(Atom(sbt.plugins.JvmPlugin)))[0m
[0m[[0m[0mdebug[0m] [0m[0mClause(Atom(sbt.plugins.CorePlugin),Set(Atom(sbt.plugins.IvyPlugin)))[0m
[0m[[0m[0mdebug[0m] [0m[0mClause(Atom(sbt.plugins.IvyPlugin),Set(Atom(sbt.plugins.JvmPlugin)))[0m
[0m[[0m[0mdebug[0m] [0m[0mClause(Atom(sbt.plugins.JvmPlugin),Set(Atom(sbt.plugins.SemanticdbPlugin)))[0m
[0m[[0m[0mdebug[0m] [0m[0mClause(Atom(sbt.plugins.JvmPlugin),Set(Atom(sbt.plugins.JUnitXmlReportPlugin)))[0m
[0m[[0m[0mdebug[0m] [0m[0mClause(Atom(sbt.plugins.CorePlugin),Set(Atom(sbt.plugins.Giter8TemplatePlugin)))[0m
[0m[[0m[0mdebug[0m] [0m[0mClause(Atom(sbt.plugins.JvmPlugin),Set(Atom(sbt.plugins.MiniDependencyTreePlugin))))[0m
[0m[[0m[0mdebug[0m] [0m[0m  :: deduced result: Matched(sbt.plugins.CorePlugin,sbt.plugins.Giter8TemplatePlugin,sbt.plugins.IvyPlugin,sbt.plugins.JvmPlugin,sbt.plugins.MiniDependencyTreePlugin,sbt.plugins.JUnitXmlReportPlugin,sbt.plugins.SemanticdbPlugin)[0m
[0m[[0m[0mdebug[0m] [0m[0mPlugins.deducer#function took 0.454643 ms[0m
[0m[[0m[0minfo[0m] [0m[0mloading settings for project vigiltechtest-build from idea6.sbt ...[0m
[0m[[0m[0mdebug[0m] [0m[0m              Load.resolveProject(vigiltechtest-build) took 0.695676ms[0m
[0m[[0m[0mdebug[0m] [0m[0m            Load.loadTransitive: finalizeProject(Project(id vigiltechtest-build, base: /Users/ydolenko/Desktop/Projects/VigilTechTest/project, plugins: List(<none>))) took 1.340793ms[0m
[0m[[0m[0mdebug[0m] [0m[0m[Loading] Done in /Users/ydolenko/Desktop/Projects/VigilTechTest/project, returning: (vigiltechtest-build)[0m
[0m[[0m[0mdebug[0m] [0m[0m          Load.loadUnit: loadedProjectsRaw took 8.743399ms[0m
[0m[[0m[0mdebug[0m] [0m[0m          Load.loadUnit: cleanEvalClasses took 0.490479ms[0m
[0m[[0m[0mdebug[0m] [0m[0m        Load.loadUnit(file:/Users/ydolenko/Desktop/Projects/VigilTechTest/project/, ...) took 18.639476ms[0m
[0m[[0m[0mdebug[0m] [0m[0m      Load.apply: load took 19.106723ms[0m
[0m[[0m[0mdebug[0m] [0m[0m      Load.apply: resolveProjects took 0.055062ms[0m
[0m[[0m[0mdebug[0m] [0m[0m      Load.apply: finalTransforms took 4.114697ms[0m
[0m[[0m[0mdebug[0m] [0m[0m      Load.apply: config.delegates took 0.213564ms[0m
[0m[[0m[0mdebug[0m] [0m[0m      Load.apply: Def.make(settings)... took 33.130357ms[0m
[0m[[0m[0mdebug[0m] [0m[0m      Load.apply: structureIndex took 12.52623ms[0m
[0m[[0m[0mdebug[0m] [0m[0m      Load.apply: mkStreams took 0.016497ms[0m
[0m[[0m[0minfo[0m] [0m[0mloading project definition from /Users/ydolenko/Desktop/Projects/VigilTechTest/project[0m
[0m[[0m[0mdebug[0m] [0m[0mRunning task... Cancel: Signal, check cycles: false, forcegc: true[0m
[0m[[0m[0mdebug[0m] [0m[0m    Load.loadUnit: plugins took 135.431941ms[0m
[0m[[0m[0mdebug[0m] [0m[0m    Load.loadUnit: defsScala took 0.002587ms[0m
[0m[[0m[0mdebug[0m] [0m[0m[Loading] Scanning directory /Users/ydolenko/Desktop/Projects/VigilTechTest[0m
[0m[[0m[0mdebug[0m] [0m[0m      Load.loadUnit: mkEval took 0.138431ms[0m
[0m[[0m[0mdebug[0m] [0m[0m[Loading] Found root project root w/ remaining [0m
[0m[[0m[0mdebug[0m] [0m[0mdeducing auto plugins based on known facts Set(Atom(sbt.plugins.CorePlugin)) and clauses Clauses(Clause(Atom(sbt.plugins.JvmPlugin),Set(Atom(sbt.plugins.IvyPlugin)))[0m
[0m[[0m[0mdebug[0m] [0m[0mClause(Atom(sbt.ScriptedPlugin),Set(Atom(sbt.plugins.JvmPlugin)))[0m
[0m[[0m[0mdebug[0m] [0m[0mClause(Atom(sbt.plugins.SbtPlugin),Set(Atom(sbt.ScriptedPlugin)))[0m
[0m[[0m[0mdebug[0m] [0m[0mClause(Atom(sbt.plugins.SemanticdbPlugin),Set(Atom(sbt.plugins.JvmPlugin)))[0m
[0m[[0m[0mdebug[0m] [0m[0mClause(Atom(sbt.plugins.JUnitXmlReportPlugin),Set(Atom(sbt.plugins.JvmPlugin)))[0m
[0m[[0m[0mdebug[0m] [0m[0mClause(Atom(sbt.plugins.MiniDependencyTreePlugin),Set(Atom(sbt.plugins.JvmPlugin)))[0m
[0m[[0m[0mdebug[0m] [0m[0mClause(Atom(org.jetbrains.sbt.StructurePlugin),Set(Atom(sbt.plugins.JvmPlugin)))[0m
[0m[[0m[0mdebug[0m] [0m[0mClause(Atom(org.jetbrains.sbt.IdeaShellPlugin),Set(Atom(sbt.plugins.JvmPlugin)))[0m
[0m[[0m[0mdebug[0m] [0m[0mClause(Atom(org.jetbrains.sbt.indices.SbtIntellijIndicesPlugin),Set(Atom(sbt.plugins.JvmPlugin)))[0m
[0m[[0m[0mdebug[0m] [0m[0mClause(Atom(sbt.plugins.CorePlugin),Set(Atom(sbt.plugins.IvyPlugin)))[0m
[0m[[0m[0mdebug[0m] [0m[0mClause(Atom(sbt.plugins.IvyPlugin),Set(Atom(sbt.plugins.JvmPlugin)))[0m
[0m[[0m[0mdebug[0m] [0m[0mClause(Atom(sbt.plugins.JvmPlugin),Set(Atom(sbt.plugins.SemanticdbPlugin)))[0m
[0m[[0m[0mdebug[0m] [0m[0mClause(Atom(sbt.plugins.JvmPlugin),Set(Atom(sbt.plugins.JUnitXmlReportPlugin)))[0m
[0m[[0m[0mdebug[0m] [0m[0mClause(Atom(sbt.plugins.CorePlugin),Set(Atom(sbt.plugins.Giter8TemplatePlugin)))[0m
[0m[[0m[0mdebug[0m] [0m[0mClause(Atom(sbt.plugins.JvmPlugin),Set(Atom(sbt.plugins.MiniDependencyTreePlugin)))[0m
[0m[[0m[0mdebug[0m] [0m[0mClause(Atom(sbt.plugins.JvmPlugin),Set(Atom(org.jetbrains.sbt.StructurePlugin)))[0m
[0m[[0m[0mdebug[0m] [0m[0mClause(Atom(sbt.plugins.JvmPlugin),Set(Atom(org.jetbrains.sbt.IdeaShellPlugin)))[0m
[0m[[0m[0mdebug[0m] [0m[0mClause(And(Set(Atom(sbt.plugins.CorePlugin), Atom(sbt.plugins.JvmPlugin))),Set(Atom(org.jetbrains.sbt.indices.SbtIntellijIndicesPlugin))))[0m
[0m[[0m[0mdebug[0m] [0m[0m  :: deduced result: Matched(sbt.plugins.CorePlugin,sbt.plugins.Giter8TemplatePlugin,sbt.plugins.IvyPlugin,sbt.plugins.JvmPlugin,sbt.plugins.SemanticdbPlugin,org.jetbrains.sbt.indices.SbtIntellijIndicesPlugin,sbt.plugins.JUnitXmlReportPlugin,org.jetbrains.sbt.IdeaShellPlugin,org.jetbrains.sbt.StructurePlugin,sbt.plugins.MiniDependencyTreePlugin)[0m
[0m[[0m[0mdebug[0m] [0m[0mPlugins.deducer#function took 1.821441 ms[0m
[0m[[0m[0minfo[0m] [0m[0mloading settings for project root from build.sbt ...[0m
[0m[[0m[0mdebug[0m] [0m[0m        Load.resolveProject(root) took 69.523115ms[0m
[0m[[0m[0mdebug[0m] [0m[0m      Load.loadTransitive: finalizeProject(Project(id root, base: /Users/ydolenko/Desktop/Projects/VigilTechTest, plugins: List(<none>))) took 72.361226ms[0m
[0m[[0m[0mdebug[0m] [0m[0m[Loading] Done in /Users/ydolenko/Desktop/Projects/VigilTechTest, returning: (root)[0m
[0m[[0m[0mdebug[0m] [0m[0m    Load.loadUnit: loadedProjectsRaw took 106.382339ms[0m
[0m[[0m[0mdebug[0m] [0m[0m    Load.loadUnit: cleanEvalClasses took 5.384324ms[0m
[0m[[0m[0mdebug[0m] [0m[0m  Load.loadUnit(file:/Users/ydolenko/Desktop/Projects/VigilTechTest/, ...) took 247.806697ms[0m
[0m[[0m[0mdebug[0m] [0m[0mLoad.apply: load took 248.940809ms[0m
[0m[[0m[0mdebug[0m] [0m[0mLoad.apply: resolveProjects took 0.172473ms[0m
[0m[[0m[0mdebug[0m] [0m[0mLoad.apply: finalTransforms took 27.067133ms[0m
[0m[[0m[0mdebug[0m] [0m[0mLoad.apply: config.delegates took 0.387825ms[0m
[0m[[0m[0mdebug[0m] [0m[0mLoad.apply: Def.make(settings)... took 74.599448ms[0m
[0m[[0m[0mdebug[0m] [0m[0mLoad.apply: structureIndex took 15.721551ms[0m
[0m[[0m[0mdebug[0m] [0m[0mLoad.apply: mkStreams took 0.002557ms[0m
[0m[[0m[33mwarn[0m] [0m[0mDiscarding 1 session setting.  Use 'session save' to persist session settings.[0m
[0m[[0m[0minfo[0m] [0m[0mset current project to VigilTechTest (in build file:/Users/ydolenko/Desktop/Projects/VigilTechTest/)[0m
[0m[[0m[0mdebug[0m] [0m[0m> Exec(sbtPopOnFailure, None, None)[0m
[0m[[0m[0mdebug[0m] [0m[0m> Exec(resumeFromFailure, None, None)[0m
[0m[[0m[0mdebug[0m] [0m[0m> Exec(set _root_.org.jetbrains.sbt.StructureKeys.sbtStructureOptions in Global := "download resolveClassifiers", None, None)[0m
[0m[[0m[0minfo[0m] [0m[0mDefining Global / sbtStructureOptions[0m
[0m[[0m[0minfo[0m] [0m[0mThe new value will be used by Global / ssOptions[0m
[0m[[0m[0mdebug[0m] [0m[0mDefining [0m
[0m[[0m[0mdebug[0m] [0m[0m	Global / sbtStructureOptions[0m
[0m[[0m[0mdebug[0m] [0m[0m[0m
[0m[[0m[0mdebug[0m] [0m[0mThe new value will be used by [0m
[0m[[0m[0mdebug[0m] [0m[0m	Global / ssOptions[0m
[0m[[0m[0minfo[0m] [0m[0mReapplying settings...[0m
[0m[[0m[0minfo[0m] [0m[0mset current project to VigilTechTest (in build file:/Users/ydolenko/Desktop/Projects/VigilTechTest/)[0m
[0m[[0m[0mdebug[0m] [0m[0m> Exec(preferScala2, None, None)[0m
[0m[[0m[0mdebug[0m] [0m[0m> Exec(*/*:dumpStructureTo /private/var/folders/ks/n1pb6mxn5fjd1ssjs7_tb1700000gn/T/sbt-structure.xml, None, None)[0m
[0m[[0m[0mdebug[0m] [0m[0mEvaluating tasks: Global / dumpStructureTo[0m
[0m[[0m[33mwarn[0m] [0m[0msbt 0.13 shell syntax is deprecated; use slash syntax instead: Global / dumpStructureTo[0m
[0m[[0m[0mdebug[0m] [0m[0mRunning task... Cancel: Signal, check cycles: false, forcegc: true[0m
[0m[[0m[31merror[0m] [0m[0mlmcoursier.internal.shaded.coursier.error.FetchError$DownloadingArtifacts: Error fetching artifacts:[0m
[0m[[0m[31merror[0m] [0m[0mhttps://artifacts.apple.com/libs-release/net/java/dev/jna/jna/5.9.0/jna-5.9.0.jar: download error: Caught java.net.UnknownHostException (artifacts.apple.com) while downloading https://artifacts.apple.com/libs-release/net/java/dev/jna/jna/5.9.0/jna-5.9.0.jar[0m
[0m[[0m[31merror[0m] [0m[0mhttps://artifacts.apple.com/libs-release/org/scala-lang/scala-reflect/2.13.8/scala-reflect-2.13.8.jar: download error: Caught java.net.UnknownHostException (artifacts.apple.com) while downloading https://artifacts.apple.com/libs-release/org/scala-lang/scala-reflect/2.13.8/scala-reflect-2.13.8.jar[0m
[0m[[0m[31merror[0m] [0m[0mhttps://artifacts.apple.com/libs-release/org/scala-lang/scala-library/2.13.8/scala-library-2.13.8.jar: download error: Caught java.net.UnknownHostException (artifacts.apple.com) while downloading https://artifacts.apple.com/libs-release/org/scala-lang/scala-library/2.13.8/scala-library-2.13.8.jar[0m
[0m[[0m[31merror[0m] [0m[0mhttps://artifacts.apple.com/libs-release/org/scala-lang/scala-compiler/2.13.8/scala-compiler-2.13.8.jar: download error: Caught java.net.UnknownHostException (artifacts.apple.com) while downloading https://artifacts.apple.com/libs-release/org/scala-lang/scala-compiler/2.13.8/scala-compiler-2.13.8.jar[0m
[0m[[0m[31merror[0m] [0m[0m[0m
[0m[[0m[31merror[0m] [0m[0m	at lmcoursier.internal.shaded.coursier.Artifacts$.$anonfun$fetchArtifacts$9(Artifacts.scala:365)[0m
[0m[[0m[31merror[0m] [0m[0m	at lmcoursier.internal.shaded.coursier.util.Task$.$anonfun$flatMap$extension$1(Task.scala:14)[0m
[0m[[0m[31merror[0m] [0m[0m	at lmcoursier.internal.shaded.coursier.util.Task$.$anonfun$flatMap$extension$1$adapted(Task.scala:14)[0m
[0m[[0m[31merror[0m] [0m[0m	at lmcoursier.internal.shaded.coursier.util.Task$.wrap(Task.scala:82)[0m
[0m[[0m[31merror[0m] [0m[0m	at lmcoursier.internal.shaded.coursier.util.Task$.$anonfun$flatMap$2(Task.scala:14)[0m
[0m[[0m[31merror[0m] [0m[0m	at scala.concurrent.Future.$anonfun$flatMap$1(Future.scala:307)[0m
[0m[[0m[31merror[0m] [0m[0m	at scala.concurrent.impl.Promise.$anonfun$transformWith$1(Promise.scala:41)[0m
[0m[[0m[31merror[0m] [0m[0m	at scala.concurrent.impl.CallbackRunnable.run(Promise.scala:64)[0m
[0m[[0m[31merror[0m] [0m[0m	at java.base/java.util.concurrent.ThreadPoolExecutor.runWorker(ThreadPoolExecutor.java:1128)[0m
[0m[[0m[31merror[0m] [0m[0m	at java.base/java.util.concurrent.ThreadPoolExecutor$Worker.run(ThreadPoolExecutor.java:628)[0m
[0m[[0m[31merror[0m] [0m[0m	at java.base/java.lang.Thread.run(Thread.java:829)[0m
[0m[[0m[31merror[0m] [0m[0mCaused by: lmcoursier.internal.shaded.coursier.cache.ArtifactError$DownloadError: download error: Caught java.net.UnknownHostException (artifacts.apple.com) while downloading https://artifacts.apple.com/libs-release/net/java/dev/jna/jna/5.9.0/jna-5.9.0.jar[0m
[0m[[0m[31merror[0m] [0m[0m	at lmcoursier.internal.shaded.coursier.cache.internal.Downloader$.helper$2(Downloader.scala:748)[0m
[0m[[0m[31merror[0m] [0m[0m	at lmcoursier.internal.shaded.coursier.cache.internal.Downloader$.coursier$cache$internal$Downloader$$downloading(Downloader.scala:761)[0m
[0m[[0m[31merror[0m] [0m[0m	at lmcoursier.internal.shaded.coursier.cache.internal.Downloader$Blocking$.$anonfun$remote$1(Downloader.scala:406)[0m
[0m[[0m[31merror[0m] [0m[0m	at lmcoursier.internal.shaded.coursier.cache.CacheLocks$.loop$1(CacheLocks.scala:71)[0m
[0m[[0m[31merror[0m] [0m[0m	at lmcoursier.internal.shaded.coursier.cache.CacheLocks$.withLockOr(CacheLocks.scala:95)[0m
[0m[[0m[31merror[0m] [0m[0m	at lmcoursier.internal.shaded.coursier.cache.internal.Downloader$Blocking$.remote(Downloader.scala:408)[0m
[0m[[0m[31merror[0m] [0m[0m	at lmcoursier.internal.shaded.coursier.cache.internal.Downloader.$anonfun$remote$5(Downloader.scala:510)[0m
[0m[[0m[31merror[0m] [0m[0m	at scala.concurrent.Future$.$anonfun$apply$1(Future.scala:659)[0m
[0m[[0m[31merror[0m] [0m[0m	at scala.util.Success.$anonfun$map$1(Try.scala:255)[0m
[0m[[0m[31merror[0m] [0m[0m	at scala.util.Success.map(Try.scala:213)[0m
[0m[[0m[31merror[0m] [0m[0m	at scala.concurrent.Future.$anonfun$map$1(Future.scala:292)[0m
[0m[[0m[31merror[0m] [0m[0m	at scala.concurrent.impl.Promise.liftedTree1$1(Promise.scala:33)[0m
[0m[[0m[31merror[0m] [0m[0m	at scala.concurrent.impl.Promise.$anonfun$transform$1(Promise.scala:33)[0m
[0m[[0m[31merror[0m] [0m[0m	at scala.concurrent.impl.CallbackRunnable.run(Promise.scala:64)[0m
[0m[[0m[31merror[0m] [0m[0m	at java.base/java.util.concurrent.ThreadPoolExecutor.runWorker(ThreadPoolExecutor.java:1128)[0m
[0m[[0m[31merror[0m] [0m[0m	at java.base/java.util.concurrent.ThreadPoolExecutor$Worker.run(ThreadPoolExecutor.java:628)[0m
[0m[[0m[31merror[0m] [0m[0m	at java.base/java.lang.Thread.run(Thread.java:829)[0m
[0m[[0m[31merror[0m] [0m[0mCaused by: java.net.UnknownHostException: artifacts.apple.com[0m
[0m[[0m[31merror[0m] [0m[0m	at java.base/java.net.AbstractPlainSocketImpl.connect(AbstractPlainSocketImpl.java:229)[0m
[0m[[0m[31merror[0m] [0m[0m	at java.base/java.net.SocksSocketImpl.connect(SocksSocketImpl.java:392)[0m
[0m[[0m[31merror[0m] [0m[0m	at java.base/java.net.Socket.connect(Socket.java:609)[0m
[0m[[0m[31merror[0m] [0m[0m	at java.base/sun.security.ssl.SSLSocketImpl.connect(SSLSocketImpl.java:305)[0m
[0m[[0m[31merror[0m] [0m[0m	at java.base/sun.security.ssl.BaseSSLSocketImpl.connect(BaseSSLSocketImpl.java:173)[0m
[0m[[0m[31merror[0m] [0m[0m	at java.base/sun.net.NetworkClient.doConnect(NetworkClient.java:182)[0m
[0m[[0m[31merror[0m] [0m[0m	at java.base/sun.net.www.http.HttpClient.openServer(HttpClient.java:474)[0m
[0m[[0m[31merror[0m] [0m[0m	at java.base/sun.net.www.http.HttpClient.openServer(HttpClient.java:569)[0m
[0m[[0m[31merror[0m] [0m[0m	at java.base/sun.net.www.protocol.https.HttpsClient.<init>(HttpsClient.java:266)[0m
[0m[[0m[31merror[0m] [0m[0m	at java.base/sun.net.www.protocol.https.HttpsClient.New(HttpsClient.java:373)[0m
[0m[[0m[31merror[0m] [0m[0m	at java.base/sun.net.www.protocol.https.AbstractDelegateHttpsURLConnection.getNewHttpClient(AbstractDelegateHttpsURLConnection.java:203)[0m
[0m[[0m[31merror[0m] [0m[0m	at java.base/sun.net.www.protocol.http.HttpURLConnection.plainConnect0(HttpURLConnection.java:1187)[0m
[0m[[0m[31merror[0m] [0m[0m	at java.base/sun.net.www.protocol.http.HttpURLConnection.plainConnect(HttpURLConnection.java:1081)[0m
[0m[[0m[31merror[0m] [0m[0m	at java.base/sun.net.www.protocol.https.AbstractDelegateHttpsURLConnection.connect(AbstractDelegateHttpsURLConnection.java:189)[0m
[0m[[0m[31merror[0m] [0m[0m	at java.base/sun.net.www.protocol.http.HttpURLConnection.getInputStream0(HttpURLConnection.java:1592)[0m
[0m[[0m[31merror[0m] [0m[0m	at java.base/sun.net.www.protocol.http.HttpURLConnection.getInputStream(HttpURLConnection.java:1520)[0m
[0m[[0m[31merror[0m] [0m[0m	at java.base/java.net.HttpURLConnection.getResponseCode(HttpURLConnection.java:527)[0m
[0m[[0m[31merror[0m] [0m[0m	at java.base/sun.net.www.protocol.https.HttpsURLConnectionImpl.getResponseCode(HttpsURLConnectionImpl.java:334)[0m
[0m[[0m[31merror[0m] [0m[0m	at lmcoursier.internal.shaded.coursier.cache.CacheUrl$.rangeResOpt(CacheUrl.scala:215)[0m
[0m[[0m[31merror[0m] [0m[0m	at lmcoursier.internal.shaded.coursier.cache.CacheUrl$.urlConnectionMaybePartial(CacheUrl.scala:338)[0m
[0m[[0m[31merror[0m] [0m[0m	at lmcoursier.internal.shaded.coursier.cache.ConnectionBuilder.connectionMaybePartial(ConnectionBuilder.scala:50)[0m
[0m[[0m[31merror[0m] [0m[0m	at lmcoursier.internal.shaded.coursier.cache.internal.Downloader$Blocking$.doDownload(Downloader.scala:220)[0m
[0m[[0m[31merror[0m] [0m[0m	at lmcoursier.internal.shaded.coursier.cache.internal.Downloader$Blocking$.$anonfun$remote$2(Downloader.scala:406)[0m
[0m[[0m[31merror[0m] [0m[0m	at lmcoursier.internal.shaded.coursier.cache.internal.Downloader$.$anonfun$downloading$1(Downloader.scala:715)[0m
[0m[[0m[31merror[0m] [0m[0m	at lmcoursier.internal.shaded.coursier.cache.CacheLocks$.withUrlLock(CacheLocks.scala:114)[0m
[0m[[0m[31merror[0m] [0m[0m	at lmcoursier.internal.shaded.coursier.cache.internal.Downloader$.helper$2(Downloader.scala:715)[0m
[0m[[0m[31merror[0m] [0m[0m	at lmcoursier.internal.shaded.coursier.cache.internal.Downloader$.coursier$cache$internal$Downloader$$downloading(Downloader.scala:761)[0m
[0m[[0m[31merror[0m] [0m[0m	at lmcoursier.internal.shaded.coursier.cache.internal.Downloader$Blocking$.$anonfun$remote$1(Downloader.scala:406)[0m
[0m[[0m[31merror[0m] [0m[0m	at lmcoursier.internal.shaded.coursier.cache.CacheLocks$.loop$1(CacheLocks.scala:71)[0m
[0m[[0m[31merror[0m] [0m[0m	at lmcoursier.internal.shaded.coursier.cache.CacheLocks$.withLockOr(CacheLocks.scala:95)[0m
[0m[[0m[31merror[0m] [0m[0m	at lmcoursier.internal.shaded.coursier.cache.internal.Downloader$Blocking$.remote(Downloader.scala:408)[0m
[0m[[0m[31merror[0m] [0m[0m	at lmcoursier.internal.shaded.coursier.cache.internal.Downloader.$anonfun$remote$5(Downloader.scala:510)[0m
[0m[[0m[31merror[0m] [0m[0m	at scala.concurrent.Future$.$anonfun$apply$1(Future.scala:659)[0m
[0m[[0m[31merror[0m] [0m[0m	at scala.util.Success.$anonfun$map$1(Try.scala:255)[0m
[0m[[0m[31merror[0m] [0m[0m	at scala.util.Success.map(Try.scala:213)[0m
[0m[[0m[31merror[0m] [0m[0m	at scala.concurrent.Future.$anonfun$map$1(Future.scala:292)[0m
[0m[[0m[31merror[0m] [0m[0m	at scala.concurrent.impl.Promise.liftedTree1$1(Promise.scala:33)[0m
[0m[[0m[31merror[0m] [0m[0m	at scala.concurrent.impl.Promise.$anonfun$transform$1(Promise.scala:33)[0m
[0m[[0m[31merror[0m] [0m[0m	at scala.concurrent.impl.CallbackRunnable.run(Promise.scala:64)[0m
[0m[[0m[31merror[0m] [0m[0m	at java.base/java.util.concurrent.ThreadPoolExecutor.runWorker(ThreadPoolExecutor.java:1128)[0m
[0m[[0m[31merror[0m] [0m[0m	at java.base/java.util.concurrent.ThreadPoolExecutor$Worker.run(ThreadPoolExecutor.java:628)[0m
[0m[[0m[31merror[0m] [0m[0m	at java.base/java.lang.Thread.run(Thread.java:829)[0m
[0m[[0m[31merror[0m] [0m[0mlmcoursier.internal.shaded.coursier.error.FetchError$DownloadingArtifacts: Error fetching artifacts:[0m
[0m[[0m[31merror[0m] [0m[0mhttps://artifacts.apple.com/libs-release/net/java/dev/jna/jna/5.9.0/jna-5.9.0.jar: download error: Caught java.net.UnknownHostException (artifacts.apple.com) while downloading https://artifacts.apple.com/libs-release/net/java/dev/jna/jna/5.9.0/jna-5.9.0.jar[0m
[0m[[0m[31merror[0m] [0m[0mhttps://artifacts.apple.com/libs-release/org/scala-lang/scala-reflect/2.13.8/scala-reflect-2.13.8.jar: download error: Caught java.net.UnknownHostException (artifacts.apple.com) while downloading https://artifacts.apple.com/libs-release/org/scala-lang/scala-reflect/2.13.8/scala-reflect-2.13.8.jar[0m
[0m[[0m[31merror[0m] [0m[0mhttps://artifacts.apple.com/libs-release/org/scala-lang/scala-library/2.13.8/scala-library-2.13.8.jar: download error: Caught java.net.UnknownHostException (artifacts.apple.com) while downloading https://artifacts.apple.com/libs-release/org/scala-lang/scala-library/2.13.8/scala-library-2.13.8.jar[0m
[0m[[0m[31merror[0m] [0m[0mhttps://artifacts.apple.com/libs-release/org/scala-lang/scala-compiler/2.13.8/scala-compiler-2.13.8.jar: download error: Caught java.net.UnknownHostException (artifacts.apple.com) while downloading https://artifacts.apple.com/libs-release/org/scala-lang/scala-compiler/2.13.8/scala-compiler-2.13.8.jar[0m
[0m[[0m[31merror[0m] [0m[0m[0m
[0m[[0m[31merror[0m] [0m[0m	at lmcoursier.internal.shaded.coursier.Artifacts$.$anonfun$fetchArtifacts$9(Artifacts.scala:365)[0m
[0m[[0m[31merror[0m] [0m[0m	at lmcoursier.internal.shaded.coursier.util.Task$.$anonfun$flatMap$extension$1(Task.scala:14)[0m
[0m[[0m[31merror[0m] [0m[0m	at lmcoursier.internal.shaded.coursier.util.Task$.$anonfun$flatMap$extension$1$adapted(Task.scala:14)[0m
[0m[[0m[31merror[0m] [0m[0m	at lmcoursier.internal.shaded.coursier.util.Task$.wrap(Task.scala:82)[0m
[0m[[0m[31merror[0m] [0m[0m	at lmcoursier.internal.shaded.coursier.util.Task$.$anonfun$flatMap$2(Task.scala:14)[0m
[0m[[0m[31merror[0m] [0m[0m	at scala.concurrent.Future.$anonfun$flatMap$1(Future.scala:307)[0m
[0m[[0m[31merror[0m] [0m[0m	at scala.concurrent.impl.Promise.$anonfun$transformWith$1(Promise.scala:41)[0m
[0m[[0m[31merror[0m] [0m[0m	at scala.concurrent.impl.CallbackRunnable.run(Promise.scala:64)[0m
[0m[[0m[31merror[0m] [0m[0m	at java.base/java.util.concurrent.ThreadPoolExecutor.runWorker(ThreadPoolExecutor.java:1128)[0m
[0m[[0m[31merror[0m] [0m[0m	at java.base/java.util.concurrent.ThreadPoolExecutor$Worker.run(ThreadPoolExecutor.java:628)[0m
[0m[[0m[31merror[0m] [0m[0m	at java.base/java.lang.Thread.run(Thread.java:829)[0m
[0m[[0m[31merror[0m] [0m[0mCaused by: lmcoursier.internal.shaded.coursier.cache.ArtifactError$DownloadError: download error: Caught java.net.UnknownHostException (artifacts.apple.com) while downloading https://artifacts.apple.com/libs-release/net/java/dev/jna/jna/5.9.0/jna-5.9.0.jar[0m
[0m[[0m[31merror[0m] [0m[0m	at lmcoursier.internal.shaded.coursier.cache.internal.Downloader$.helper$2(Downloader.scala:748)[0m
[0m[[0m[31merror[0m] [0m[0m	at lmcoursier.internal.shaded.coursier.cache.internal.Downloader$.coursier$cache$internal$Downloader$$downloading(Downloader.scala:761)[0m
[0m[[0m[31merror[0m] [0m[0m	at lmcoursier.internal.shaded.coursier.cache.internal.Downloader$Blocking$.$anonfun$remote$1(Downloader.scala:406)[0m
[0m[[0m[31merror[0m] [0m[0m	at lmcoursier.internal.shaded.coursier.cache.CacheLocks$.loop$1(CacheLocks.scala:71)[0m
[0m[[0m[31merror[0m] [0m[0m	at lmcoursier.internal.shaded.coursier.cache.CacheLocks$.withLockOr(CacheLocks.scala:95)[0m
[0m[[0m[31merror[0m] [0m[0m	at lmcoursier.internal.shaded.coursier.cache.internal.Downloader$Blocking$.remote(Downloader.scala:408)[0m
[0m[[0m[31merror[0m] [0m[0m	at lmcoursier.internal.shaded.coursier.cache.internal.Downloader.$anonfun$remote$5(Downloader.scala:510)[0m
[0m[[0m[31merror[0m] [0m[0m	at scala.concurrent.Future$.$anonfun$apply$1(Future.scala:659)[0m
[0m[[0m[31merror[0m] [0m[0m	at scala.util.Success.$anonfun$map$1(Try.scala:255)[0m
[0m[[0m[31merror[0m] [0m[0m	at scala.util.Success.map(Try.scala:213)[0m
[0m[[0m[31merror[0m] [0m[0m	at scala.concurrent.Future.$anonfun$map$1(Future.scala:292)[0m
[0m[[0m[31merror[0m] [0m[0m	at scala.concurrent.impl.Promise.liftedTree1$1(Promise.scala:33)[0m
[0m[[0m[31merror[0m] [0m[0m	at scala.concurrent.impl.Promise.$anonfun$transform$1(Promise.scala:33)[0m
[0m[[0m[31merror[0m] [0m[0m	at scala.concurrent.impl.CallbackRunnable.run(Promise.scala:64)[0m
[0m[[0m[31merror[0m] [0m[0m	at java.base/java.util.concurrent.ThreadPoolExecutor.runWorker(ThreadPoolExecutor.java:1128)[0m
[0m[[0m[31merror[0m] [0m[0m	at java.base/java.util.concurrent.ThreadPoolExecutor$Worker.run(ThreadPoolExecutor.java:628)[0m
[0m[[0m[31merror[0m] [0m[0m	at java.base/java.lang.Thread.run(Thread.java:829)[0m
[0m[[0m[31merror[0m] [0m[0mCaused by: java.net.UnknownHostException: artifacts.apple.com[0m
[0m[[0m[31merror[0m] [0m[0m	at java.base/java.net.AbstractPlainSocketImpl.connect(AbstractPlainSocketImpl.java:229)[0m
[0m[[0m[31merror[0m] [0m[0m	at java.base/java.net.SocksSocketImpl.connect(SocksSocketImpl.java:392)[0m
[0m[[0m[31merror[0m] [0m[0m	at java.base/java.net.Socket.connect(Socket.java:609)[0m
[0m[[0m[31merror[0m] [0m[0m	at java.base/sun.security.ssl.SSLSocketImpl.connect(SSLSocketImpl.java:305)[0m
[0m[[0m[31merror[0m] [0m[0m	at java.base/sun.security.ssl.BaseSSLSocketImpl.connect(BaseSSLSocketImpl.java:173)[0m
[0m[[0m[31merror[0m] [0m[0m	at java.base/sun.net.NetworkClient.doConnect(NetworkClient.java:182)[0m
[0m[[0m[31merror[0m] [0m[0m	at java.base/sun.net.www.http.HttpClient.openServer(HttpClient.java:474)[0m
[0m[[0m[31merror[0m] [0m[0m	at java.base/sun.net.www.http.HttpClient.openServer(HttpClient.java:569)[0m
[0m[[0m[31merror[0m] [0m[0m	at java.base/sun.net.www.protocol.https.HttpsClient.<init>(HttpsClient.java:266)[0m
[0m[[0m[31merror[0m] [0m[0m	at java.base/sun.net.www.protocol.https.HttpsClient.New(HttpsClient.java:373)[0m
[0m[[0m[31merror[0m] [0m[0m	at java.base/sun.net.www.protocol.https.AbstractDelegateHttpsURLConnection.getNewHttpClient(AbstractDelegateHttpsURLConnection.java:203)[0m
[0m[[0m[31merror[0m] [0m[0m	at java.base/sun.net.www.protocol.http.HttpURLConnection.plainConnect0(HttpURLConnection.java:1187)[0m
[0m[[0m[31merror[0m] [0m[0m	at java.base/sun.net.www.protocol.http.HttpURLConnection.plainConnect(HttpURLConnection.java:1081)[0m
[0m[[0m[31merror[0m] [0m[0m	at java.base/sun.net.www.protocol.https.AbstractDelegateHttpsURLConnection.connect(AbstractDelegateHttpsURLConnection.java:189)[0m
[0m[[0m[31merror[0m] [0m[0m	at java.base/sun.net.www.protocol.http.HttpURLConnection.getInputStream0(HttpURLConnection.java:1592)[0m
[0m[[0m[31merror[0m] [0m[0m	at java.base/sun.net.www.protocol.http.HttpURLConnection.getInputStream(HttpURLConnection.java:1520)[0m
[0m[[0m[31merror[0m] [0m[0m	at java.base/java.net.HttpURLConnection.getResponseCode(HttpURLConnection.java:527)[0m
[0m[[0m[31merror[0m] [0m[0m	at java.base/sun.net.www.protocol.https.HttpsURLConnectionImpl.getResponseCode(HttpsURLConnectionImpl.java:334)[0m
[0m[[0m[31merror[0m] [0m[0m	at lmcoursier.internal.shaded.coursier.cache.CacheUrl$.rangeResOpt(CacheUrl.scala:215)[0m
[0m[[0m[31merror[0m] [0m[0m	at lmcoursier.internal.shaded.coursier.cache.CacheUrl$.urlConnectionMaybePartial(CacheUrl.scala:338)[0m
[0m[[0m[31merror[0m] [0m[0m	at lmcoursier.internal.shaded.coursier.cache.ConnectionBuilder.connectionMaybePartial(ConnectionBuilder.scala:50)[0m
[0m[[0m[31merror[0m] [0m[0m	at lmcoursier.internal.shaded.coursier.cache.internal.Downloader$Blocking$.doDownload(Downloader.scala:220)[0m
[0m[[0m[31merror[0m] [0m[0m	at lmcoursier.internal.shaded.coursier.cache.internal.Downloader$Blocking$.$anonfun$remote$2(Downloader.scala:406)[0m
[0m[[0m[31merror[0m] [0m[0m	at lmcoursier.internal.shaded.coursier.cache.internal.Downloader$.$anonfun$downloading$1(Downloader.scala:715)[0m
[0m[[0m[31merror[0m] [0m[0m	at lmcoursier.internal.shaded.coursier.cache.CacheLocks$.withUrlLock(CacheLocks.scala:114)[0m
[0m[[0m[31merror[0m] [0m[0m	at lmcoursier.internal.shaded.coursier.cache.internal.Downloader$.helper$2(Downloader.scala:715)[0m
[0m[[0m[31merror[0m] [0m[0m	at lmcoursier.internal.shaded.coursier.cache.internal.Downloader$.coursier$cache$internal$Downloader$$downloading(Downloader.scala:761)[0m
[0m[[0m[31merror[0m] [0m[0m	at lmcoursier.internal.shaded.coursier.cache.internal.Downloader$Blocking$.$anonfun$remote$1(Downloader.scala:406)[0m
[0m[[0m[31merror[0m] [0m[0m	at lmcoursier.internal.shaded.coursier.cache.CacheLocks$.loop$1(CacheLocks.scala:71)[0m
[0m[[0m[31merror[0m] [0m[0m	at lmcoursier.internal.shaded.coursier.cache.CacheLocks$.withLockOr(CacheLocks.scala:95)[0m
[0m[[0m[31merror[0m] [0m[0m	at lmcoursier.internal.shaded.coursier.cache.internal.Downloader$Blocking$.remote(Downloader.scala:408)[0m
[0m[[0m[31merror[0m] [0m[0m	at lmcoursier.internal.shaded.coursier.cache.internal.Downloader.$anonfun$remote$5(Downloader.scala:510)[0m
[0m[[0m[31merror[0m] [0m[0m	at scala.concurrent.Future$.$anonfun$apply$1(Future.scala:659)[0m
[0m[[0m[31merror[0m] [0m[0m	at scala.util.Success.$anonfun$map$1(Try.scala:255)[0m
[0m[[0m[31merror[0m] [0m[0m	at scala.util.Success.map(Try.scala:213)[0m
[0m[[0m[31merror[0m] [0m[0m	at scala.concurrent.Future.$anonfun$map$1(Future.scala:292)[0m
[0m[[0m[31merror[0m] [0m[0m	at scala.concurrent.impl.Promise.liftedTree1$1(Promise.scala:33)[0m
[0m[[0m[31merror[0m] [0m[0m	at scala.concurrent.impl.Promise.$anonfun$transform$1(Promise.scala:33)[0m
[0m[[0m[31merror[0m] [0m[0m	at scala.concurrent.impl.CallbackRunnable.run(Promise.scala:64)[0m
[0m[[0m[31merror[0m] [0m[0m	at java.base/java.util.concurrent.ThreadPoolExecutor.runWorker(ThreadPoolExecutor.java:1128)[0m
[0m[[0m[31merror[0m] [0m[0m	at java.base/java.util.concurrent.ThreadPoolExecutor$Worker.run(ThreadPoolExecutor.java:628)[0m
[0m[[0m[31merror[0m] [0m[0m	at java.base/java.lang.Thread.run(Thread.java:829)[0m
[0m[[0m[31merror[0m] [0m[0m([31mupdate[0m) lmcoursier.internal.shaded.coursier.error.FetchError$DownloadingArtifacts: Error fetching artifacts:[0m
[0m[[0m[31merror[0m] [0m[0mhttps://artifacts.apple.com/libs-release/net/java/dev/jna/jna/5.9.0/jna-5.9.0.jar: download error: Caught java.net.UnknownHostException (artifacts.apple.com) while downloading https://artifacts.apple.com/libs-release/net/java/dev/jna/jna/5.9.0/jna-5.9.0.jar[0m
[0m[[0m[31merror[0m] [0m[0mhttps://artifacts.apple.com/libs-release/org/scala-lang/scala-reflect/2.13.8/scala-reflect-2.13.8.jar: download error: Caught java.net.UnknownHostException (artifacts.apple.com) while downloading https://artifacts.apple.com/libs-release/org/scala-lang/scala-reflect/2.13.8/scala-reflect-2.13.8.jar[0m
[0m[[0m[31merror[0m] [0m[0mhttps://artifacts.apple.com/libs-release/org/scala-lang/scala-library/2.13.8/scala-library-2.13.8.jar: download error: Caught java.net.UnknownHostException (artifacts.apple.com) while downloading https://artifacts.apple.com/libs-release/org/scala-lang/scala-library/2.13.8/scala-library-2.13.8.jar[0m
[0m[[0m[31merror[0m] [0m[0mhttps://artifacts.apple.com/libs-release/org/scala-lang/scala-compiler/2.13.8/scala-compiler-2.13.8.jar: download error: Caught java.net.UnknownHostException (artifacts.apple.com) while downloading https://artifacts.apple.com/libs-release/org/scala-lang/scala-compiler/2.13.8/scala-compiler-2.13.8.jar[0m
[0m[[0m[31merror[0m] [0m[0m([31mssExtractDependencies[0m) lmcoursier.internal.shaded.coursier.error.FetchError$DownloadingArtifacts: Error fetching artifacts:[0m
[0m[[0m[31merror[0m] [0m[0mhttps://artifacts.apple.com/libs-release/net/java/dev/jna/jna/5.9.0/jna-5.9.0.jar: download error: Caught java.net.UnknownHostException (artifacts.apple.com) while downloading https://artifacts.apple.com/libs-release/net/java/dev/jna/jna/5.9.0/jna-5.9.0.jar[0m
[0m[[0m[31merror[0m] [0m[0mhttps://artifacts.apple.com/libs-release/org/scala-lang/scala-reflect/2.13.8/scala-reflect-2.13.8.jar: download error: Caught java.net.UnknownHostException (artifacts.apple.com) while downloading https://artifacts.apple.com/libs-release/org/scala-lang/scala-reflect/2.13.8/scala-reflect-2.13.8.jar[0m
[0m[[0m[31merror[0m] [0m[0mhttps://artifacts.apple.com/libs-release/org/scala-lang/scala-library/2.13.8/scala-library-2.13.8.jar: download error: Caught java.net.UnknownHostException (artifacts.apple.com) while downloading https://artifacts.apple.com/libs-release/org/scala-lang/scala-library/2.13.8/scala-library-2.13.8.jar[0m
[0m[[0m[31merror[0m] [0m[0mhttps://artifacts.apple.com/libs-release/org/scala-lang/scala-compiler/2.13.8/scala-compiler-2.13.8.jar: download error: Caught java.net.UnknownHostException (artifacts.apple.com) while downloading https://artifacts.apple.com/libs-release/org/scala-lang/scala-compiler/2.13.8/scala-compiler-2.13.8.jar[0m
[0m[[0m[31merror[0m] [0m[0mTotal time: 0 s, completed May 13, 2023, 11:55:09 AM[0m
[0m[[0m[0mdebug[0m] [0m[0m> Exec(idea-shell, None, None)[0m
